2021-04-01 10:44:41.164  INFO 16596 --- [main] ku.message.MessageApplication            : Starting MessageApplication using Java 15.0.2 on Mathis with PID 16596 (D:\Documents\Bureau\Secure-message-product-error-log\target\classes started by mathis.de-gueydon in D:\Documents\Bureau\Secure-message-product-error-log)
2021-04-01 10:44:41.164  INFO 16596 --- [main] ku.message.MessageApplication            : No active profile set, falling back to default profiles: default
2021-04-01 10:44:42.416  INFO 16596 --- [main] .s.d.r.c.RepositoryConfigurationDelegate : Bootstrapping Spring Data JPA repositories in DEFAULT mode.
2021-04-01 10:44:42.494  INFO 16596 --- [main] .s.d.r.c.RepositoryConfigurationDelegate : Finished Spring Data repository scanning in 73 ms. Found 2 JPA repository interfaces.
2021-04-01 10:44:43.291  INFO 16596 --- [main] o.s.b.w.embedded.tomcat.TomcatWebServer  : Tomcat initialized with port(s): 8090 (http)
2021-04-01 10:44:43.306  INFO 16596 --- [main] o.apache.catalina.core.StandardService   : Starting service [Tomcat]
2021-04-01 10:44:43.306  INFO 16596 --- [main] org.apache.catalina.core.StandardEngine  : Starting Servlet engine: [Apache Tomcat/9.0.41]
2021-04-01 10:44:43.478  INFO 16596 --- [main] o.a.c.c.C.[Tomcat].[localhost].[/]       : Initializing Spring embedded WebApplicationContext
2021-04-01 10:44:43.478  INFO 16596 --- [main] w.s.c.ServletWebServerApplicationContext : Root WebApplicationContext: initialization completed in 2238 ms
2021-04-01 10:44:43.541  INFO 16596 --- [main] com.zaxxer.hikari.HikariDataSource       : HikariPool-1 - Starting...
2021-04-01 10:44:43.728  INFO 16596 --- [main] com.zaxxer.hikari.HikariDataSource       : HikariPool-1 - Start completed.
2021-04-01 10:44:43.744  INFO 16596 --- [main] o.s.b.a.h2.H2ConsoleAutoConfiguration    : H2 console available at '/h2-console'. Database available at 'jdbc:h2:mem:message'
2021-04-01 10:44:43.963  INFO 16596 --- [main] o.hibernate.jpa.internal.util.LogHelper  : HHH000204: Processing PersistenceUnitInfo [name: default]
2021-04-01 10:44:44.057  INFO 16596 --- [main] org.hibernate.Version                    : HHH000412: Hibernate ORM core version 5.4.27.Final
2021-04-01 10:44:44.260  INFO 16596 --- [main] o.hibernate.annotations.common.Version   : HCANN000001: Hibernate Commons Annotations {5.1.2.Final}
2021-04-01 10:44:44.401  INFO 16596 --- [main] org.hibernate.dialect.Dialect            : HHH000400: Using dialect: org.hibernate.dialect.H2Dialect
2021-04-01 10:44:45.151  INFO 16596 --- [main] o.h.e.t.j.p.i.JtaPlatformInitiator       : HHH000490: Using JtaPlatform implementation: [org.hibernate.engine.transaction.jta.platform.internal.NoJtaPlatform]
2021-04-01 10:44:45.151  INFO 16596 --- [main] j.LocalContainerEntityManagerFactoryBean : Initialized JPA EntityManagerFactory for persistence unit 'default'
2021-04-01 10:44:45.255  WARN 16596 --- [main] JpaBaseConfiguration$JpaWebConfiguration : spring.jpa.open-in-view is enabled by default. Therefore, database queries may be performed during view rendering. Explicitly configure spring.jpa.open-in-view to disable this warning
2021-04-01 10:44:45.849  INFO 16596 --- [main] o.s.s.web.DefaultSecurityFilterChain     : Will secure Ant [pattern='/h2-console/**'] with []
2021-04-01 10:44:45.895  INFO 16596 --- [main] o.s.s.web.DefaultSecurityFilterChain     : Will secure any request with [org.springframework.security.web.context.request.async.WebAsyncManagerIntegrationFilter@146fa9c0, org.springframework.security.web.context.SecurityContextPersistenceFilter@bff764c, org.springframework.security.web.header.HeaderWriterFilter@74450c9b, org.springframework.security.web.csrf.CsrfFilter@720ffab4, org.springframework.security.web.authentication.logout.LogoutFilter@3b576ee3, org.springframework.security.web.authentication.UsernamePasswordAuthenticationFilter@13a9cdae, org.springframework.security.web.savedrequest.RequestCacheAwareFilter@49153009, org.springframework.security.web.servletapi.SecurityContextHolderAwareRequestFilter@55b74e6b, org.springframework.security.web.authentication.AnonymousAuthenticationFilter@49f6c25e, org.springframework.security.web.session.SessionManagementFilter@5ad50b02, org.springframework.security.web.access.ExceptionTranslationFilter@5bc14211, org.springframework.security.web.access.intercept.FilterSecurityInterceptor@3e12c5de]
2021-04-01 10:44:46.036  INFO 16596 --- [main] o.s.s.concurrent.ThreadPoolTaskExecutor  : Initializing ExecutorService 'applicationTaskExecutor'
2021-04-01 10:44:46.391  INFO 16596 --- [main] o.s.b.w.embedded.tomcat.TomcatWebServer  : Tomcat started on port(s): 8090 (http) with context path ''
2021-04-01 10:44:46.422  INFO 16596 --- [main] ku.message.MessageApplication            : Started MessageApplication in 5.917 seconds (JVM running for 7.808)
